Cadence Genus(TM) Synthesis Solution.
Copyright 2022 Cadence Design Systems, Inc. All rights reserved worldwide.
Cadence and the Cadence logo are registered trademarks and Genus is a trademark
of Cadence Design Systems, Inc. in the United States and other countries.

[18:18:47.400361] Configured Lic search path (21.01-s002): 5280@10.110.5.59

Version: 21.14-s082_1, built Thu Jun 23 02:02:08 PDT 2022
Options: -files gpu_script.tcl 
Date:    Thu Apr 16 18:18:47 2026
Host:    cadence-server.vit.ac.in (x86_64 w/Linux 4.18.0-477.21.1.el8_8.x86_64) (16cores*32cpus*1physical cpu*Intel(R) Xeon(R) Gold 6346 CPU @ 3.10GHz 36864KB) (1055760632KB)
PID:     2518907
OS:      Red Hat Enterprise Linux release 8.8 (Ootpa)


[18:18:47.435376] Periodic Lic check successful
[18:18:47.435377] Feature usage summary:
[18:18:47.435378] Genus_Synthesis
Checking out license: Genus_Synthesis


***********************************************************************************************************
***********************************************************************************************************



Loading tool scripts...
Finished loading tool scripts (12 seconds elapsed).

#@ Processing -files option
@genus 1> source gpu_script.tcl
#@ Begin verbose source ./gpu_script.tcl
@file(gpu_script.tcl) 8: set_db init_lib_search_path ./home/cadence/install/FOUNDRY/digital/90nm/dig/lib
  Setting attribute of root '/': 'init_lib_search_path' = ./home/cadence/install/FOUNDRY/digital/90nm/dig/lib
@file(gpu_script.tcl) 9: read_libs slow.lib
Error   : File error. [FILE-100] [::legacy::set_attribute]
        : Cannot open file 'slow.lib'
        : Make sure that the file is a readable regular file and has the specified name.
Error   : A library file does not exist. [LBR-68] [::legacy::set_attribute]
        : File 'slow.lib' could not be found. File '<none>' was the last file that was successfully read in.
        : Make sure that the library file exists or check for a typo in the file name.
Error   : The data value for this attribute is invalid. [TUI-24] [::legacy::set_attribute]
        : The value '  { slow.lib } ' cannot be set for attribute 'library'.
        : To see the usage/description for this attribute, type '::legacy::set_attribute -h <attr_name> *' (in legacy UI mode) or 'help * <attr_name> -detail' (in CUI mode).
#@ End verbose source ./gpu_script.tcl
1
Encountered problems processing file: gpu_script.tcl
WARNING: This version of the tool is 1393 days old.
@genus:root: 2> exit

Lic Summary:
[18:20:09.291121] Cdslmd servers: cadence-server
[18:20:09.291128] Feature usage summary:
[18:20:09.291129] Genus_Synthesis

Normal exit.