###############################################################
#  Generated by:      Cadence Innovus 21.15-s110_1
#  OS:                Linux x86_64(Host ID cadence-server.vit.ac.in)
#  Generated on:      Mon Jun 22 13:19:58 2026
#  Design:            gpu
#  Command:           verifyConnectivity -type special -report power_check.rpt
###############################################################
Verify Connectivity Report is created on Mon Jun 22 13:19:58 2026



Net clk: no routing
Net reset: no routing
Net start: no routing
Net done: no routing
Net device_control_write_enable: no routing
Net device_control_data[7]: no routing
Net device_control_data[6]: no routing
Net device_control_data[5]: no routing
Net device_control_data[4]: no routing
Net device_control_data[3]: no routing
Net device_control_data[2]: no routing
Net device_control_data[1]: no routing
Net device_control_data[0]: no routing
Net program_mem_read_valid[0]: no routing
Net program_mem_read_address[0][7]: no routing
Net program_mem_read_address[0][6]: no routing
Net program_mem_read_address[0][5]: no routing
Net program_mem_read_address[0][4]: no routing
Net program_mem_read_address[0][3]: no routing
Net program_mem_read_address[0][2]: no routing
Net program_mem_read_address[0][1]: no routing
Net program_mem_read_address[0][0]: no routing
Net program_mem_read_ready[0]: no routing
Net program_mem_read_data[0][15]: no routing
Net program_mem_read_data[0][14]: no routing
Net program_mem_read_data[0][13]: no routing
Net program_mem_read_data[0][12]: no routing
Net program_mem_read_data[0][11]: no routing
Net program_mem_read_data[0][10]: no routing
Net program_mem_read_data[0][9]: no routing
Net program_mem_read_data[0][8]: no routing
Net program_mem_read_data[0][7]: no routing
Net program_mem_read_data[0][6]: no routing
Net program_mem_read_data[0][5]: no routing
Net program_mem_read_data[0][4]: no routing
Net program_mem_read_data[0][3]: no routing
Net program_mem_read_data[0][2]: no routing
Net program_mem_read_data[0][1]: no routing
Net program_mem_read_data[0][0]: no routing
Net data_mem_read_valid[3]: no routing
Net data_mem_read_valid[2]: no routing
Net data_mem_read_valid[1]: no routing
Net data_mem_read_valid[0]: no routing
Net data_mem_read_address[0][7]: no routing
Net data_mem_read_address[0][6]: no routing
Net data_mem_read_address[0][5]: no routing
Net data_mem_read_address[0][4]: no routing
Net data_mem_read_address[0][3]: no routing
Net data_mem_read_address[0][2]: no routing
Net data_mem_read_address[0][1]: no routing
Net data_mem_read_address[0][0]: no routing
Net data_mem_read_address[1][7]: no routing
Net data_mem_read_address[1][6]: no routing
Net data_mem_read_address[1][5]: no routing
Net data_mem_read_address[1][4]: no routing
Net data_mem_read_address[1][3]: no routing
Net data_mem_read_address[1][2]: no routing
Net data_mem_read_address[1][1]: no routing
Net data_mem_read_address[1][0]: no routing
Net data_mem_read_address[2][7]: no routing
Net data_mem_read_address[2][6]: no routing
Net data_mem_read_address[2][5]: no routing
Net data_mem_read_address[2][4]: no routing
Net data_mem_read_address[2][3]: no routing
Net data_mem_read_address[2][2]: no routing
Net data_mem_read_address[2][1]: no routing
Net data_mem_read_address[2][0]: no routing
Net data_mem_read_address[3][7]: no routing
Net data_mem_read_address[3][6]: no routing
Net data_mem_read_address[3][5]: no routing
Net data_mem_read_address[3][4]: no routing
Net data_mem_read_address[3][3]: no routing
Net data_mem_read_address[3][2]: no routing
Net data_mem_read_address[3][1]: no routing
Net data_mem_read_address[3][0]: no routing
Net data_mem_read_ready[3]: no routing
Net data_mem_read_ready[2]: no routing
Net data_mem_read_ready[1]: no routing
Net data_mem_read_ready[0]: no routing
Net data_mem_read_data[0][7]: no routing
Net data_mem_read_data[0][6]: no routing
Net data_mem_read_data[0][5]: no routing
Net data_mem_read_data[0][4]: no routing
Net data_mem_read_data[0][3]: no routing
Net data_mem_read_data[0][2]: no routing
Net data_mem_read_data[0][1]: no routing
Net data_mem_read_data[0][0]: no routing
Net data_mem_read_data[1][7]: no routing
Net data_mem_read_data[1][6]: no routing
Net data_mem_read_data[1][5]: no routing
Net data_mem_read_data[1][4]: no routing
Net data_mem_read_data[1][3]: no routing
Net data_mem_read_data[1][2]: no routing
Net data_mem_read_data[1][1]: no routing
Net data_mem_read_data[1][0]: no routing
Net data_mem_read_data[2][7]: no routing
Net data_mem_read_data[2][6]: no routing
Net data_mem_read_data[2][5]: no routing
Net data_mem_read_data[2][4]: no routing
Net data_mem_read_data[2][3]: no routing
Net data_mem_read_data[2][2]: no routing
Net data_mem_read_data[2][1]: no routing
Net data_mem_read_data[2][0]: no routing
Net data_mem_read_data[3][7]: no routing
Net data_mem_read_data[3][6]: no routing
Net data_mem_read_data[3][5]: no routing
Net data_mem_read_data[3][4]: no routing
Net data_mem_read_data[3][3]: no routing
Net data_mem_read_data[3][2]: no routing
Net data_mem_read_data[3][1]: no routing
Net data_mem_read_data[3][0]: no routing
Net data_mem_write_valid[3]: no routing
Net data_mem_write_valid[2]: no routing
Net data_mem_write_valid[1]: no routing
Net data_mem_write_valid[0]: no routing
Net data_mem_write_address[0][7]: no routing
Net data_mem_write_address[0][6]: no routing
Net data_mem_write_address[0][5]: no routing
Net data_mem_write_address[0][4]: no routing
Net data_mem_write_address[0][3]: no routing
Net data_mem_write_address[0][2]: no routing
Net data_mem_write_address[0][1]: no routing
Net data_mem_write_address[0][0]: no routing
Net data_mem_write_address[1][7]: no routing
Net data_mem_write_address[1][6]: no routing
Net data_mem_write_address[1][5]: no routing
Net data_mem_write_address[1][4]: no routing
Net data_mem_write_address[1][3]: no routing
Net data_mem_write_address[1][2]: no routing
Net data_mem_write_address[1][1]: no routing
Net data_mem_write_address[1][0]: no routing
Net data_mem_write_address[2][7]: no routing
Net data_mem_write_address[2][6]: no routing
Net data_mem_write_address[2][5]: no routing
Net data_mem_write_address[2][4]: no routing
Net data_mem_write_address[2][3]: no routing
Net data_mem_write_address[2][2]: no routing
Net data_mem_write_address[2][1]: no routing
Net data_mem_write_address[2][0]: no routing
Net data_mem_write_address[3][7]: no routing
Net data_mem_write_address[3][6]: no routing
Net data_mem_write_address[3][5]: no routing
Net data_mem_write_address[3][4]: no routing
Net data_mem_write_address[3][3]: no routing
Net data_mem_write_address[3][2]: no routing
Net data_mem_write_address[3][1]: no routing
Net data_mem_write_address[3][0]: no routing
Net data_mem_write_data[0][7]: no routing
Net data_mem_write_data[0][6]: no routing
Net data_mem_write_data[0][5]: no routing
Net data_mem_write_data[0][4]: no routing
Net data_mem_write_data[0][3]: no routing
Net data_mem_write_data[0][2]: no routing
Net data_mem_write_data[0][1]: no routing
Net data_mem_write_data[0][0]: no routing
Net data_mem_write_data[1][7]: no routing
Net data_mem_write_data[1][6]: no routing
Net data_mem_write_data[1][5]: no routing
Net data_mem_write_data[1][4]: no routing
Net data_mem_write_data[1][3]: no routing
Net data_mem_write_data[1][2]: no routing
Net data_mem_write_data[1][1]: no routing
Net data_mem_write_data[1][0]: no routing
Net data_mem_write_data[2][7]: no routing
Net data_mem_write_data[2][6]: no routing
Net data_mem_write_data[2][5]: no routing
Net data_mem_write_data[2][4]: no routing
Net data_mem_write_data[2][3]: no routing
Net data_mem_write_data[2][2]: no routing
Net data_mem_write_data[2][1]: no routing
Net data_mem_write_data[2][0]: no routing
Net data_mem_write_data[3][7]: no routing
Net data_mem_write_data[3][6]: no routing
Net data_mem_write_data[3][5]: no routing
Net data_mem_write_data[3][4]: no routing
Net data_mem_write_data[3][3]: no routing
Net data_mem_write_data[3][2]: no routing
Net data_mem_write_data[3][1]: no routing
Net data_mem_write_data[3][0]: no routing
Net data_mem_write_ready[3]: no routing
Net data_mem_write_ready[2]: no routing
Net data_mem_write_ready[1]: no routing
Net data_mem_write_ready[0]: no routing
Net FE_OFN4819_dispatch_instance_n_4808: no routing
Net FE_OFN4818_n: no routing
Net CTS_22: no routing
Net CTS_19: no routing
Net CTS_18: no routing
Net CTS_17: no routing
Net CTS_16: no routing
Net CTS_15: no routing
Net CTS_14: no routing
Net CTS_13: no routing
Net CTS_12: no routing
Net CTS_11: no routing
Net CTS_21: no routing
Net CTS_20: no routing
Net CTS_8: no routing
Net CTS_7: no routing
Net CTS_6: no routing
Net CTS_5: no routing
Net CTS_4: no routing
Net CTS_3: no routing
Net CTS_2: no routing
Net CTS_1: no routing
Net CTS_10: no routing
Net CTS_9: no routing
Net FE_OFN216_dispatch_instance_n_4848: no routing
Net FE_OFN215_dispatch_instance_n_4817: no routing
Net FE_OFN212_data_memory_controller_n_71414: no routing
Net FE_OFN211_data_memory_controller_n_71160: no routing
Net FE_OFN210_data_memory_controller_n_70937: no routing
Net cores[0].core_instance_decoded_alu_arithmetic_mux[1]: no routing
Net cores[0].core_instance_decoded_alu_arithmetic_mux[0]: no routing
Net cores[0].core_instance_instruction[15]: no routing
Net cores[0].core_instance_instruction[14]: no routing
Net cores[0].core_instance_instruction[13]: no routing
Net cores[0].core_instance_instruction[12]: no routing
Net cores[0].core_instance_instruction[11]: no routing
Net cores[0].core_instance_instruction[10]: no routing
Net cores[0].core_instance_instruction[9]: no routing
Net cores[0].core_instance_instruction[8]: no routing
Net cores[0].core_instance_instruction[7]: no routing
Net cores[0].core_instance_instruction[6]: no routing
Net cores[0].core_instance_instruction[5]: no routing
Net cores[0].core_instance_instruction[4]: no routing
Net cores[0].core_instance_instruction[3]: no routing
Net cores[0].core_instance_instruction[2]: no routing
Net cores[0].core_instance_instruction[1]: no routing
Net cores[0].core_instance_instruction[0]: no routing
Net cores[0].core_instance_decoded_immediate[7]: no routing
Net cores[0].core_instance_decoded_immediate[6]: no routing
Net cores[0].core_instance_decoded_immediate[5]: no routing
Net cores[0].core_instance_decoded_immediate[4]: no routing
Net cores[0].core_instance_decoded_immediate[3]: no routing
Net cores[0].core_instance_decoded_immediate[2]: no routing
Net cores[0].core_instance_decoded_immediate[1]: no routing
Net cores[0].core_instance_decoded_immediate[0]: no routing
Net cores[0].core_instance_decoded_rd_address[3]: no routing
Net cores[0].core_instance_decoded_rd_address[2]: no routing
Net cores[0].core_instance_decoded_rd_address[1]: no routing
Net fetcher_read_data[0][15]: no routing
Net fetcher_read_data[0][14]: no routing
Net fetcher_read_data[0][13]: no routing
Net fetcher_read_data[0][12]: no routing
Net fetcher_read_data[0][11]: no routing
Net fetcher_read_data[0][10]: no routing
Net fetcher_read_data[0][9]: no routing
Net fetcher_read_data[0][8]: no routing
Net fetcher_read_data[0][7]: no routing
Net fetcher_read_data[0][6]: no routing
Net fetcher_read_data[0][5]: no routing
Net fetcher_read_data[0][4]: no routing
Net fetcher_read_data[0][3]: no routing
Net fetcher_read_data[0][2]: no routing
Net fetcher_read_data[0][1]: no routing
Net fetcher_read_data[0][0]: no routing
Net cores[0].core_instance_current_pc[7]: no routing
Net cores[0].core_instance_current_pc[6]: no routing
Net cores[0].core_instance_current_pc[5]: no routing
Net cores[0].core_instance_current_pc[4]: no routing
Net cores[0].core_instance_current_pc[3]: no routing
Net cores[0].core_instance_current_pc[2]: no routing
Net cores[0].core_instance_current_pc[1]: no routing
Net cores[0].core_instance_current_pc[0]: no routing
Net cores[0].core_instance_next_pc[0][7]: no routing
Net cores[0].core_instance_next_pc[0][6]: no routing
Net cores[0].core_instance_next_pc[0][5]: no routing
Net cores[0].core_instance_next_pc[0][4]: no routing
Net cores[0].core_instance_next_pc[0][3]: no routing
Net cores[0].core_instance_next_pc[0][2]: no routing
Net cores[0].core_instance_next_pc[0][1]: no routing
Net cores[0].core_instance_next_pc[0][0]: no routing
Net cores[0].core_instance_alu_out[0][7]: no routing
Net cores[0].core_instance_alu_out[0][6]: no routing
Net cores[0].core_instance_alu_out[0][5]: no routing
Net cores[0].core_instance_alu_out[0][4]: no routing
Net cores[0].core_instance_alu_out[0][3]: no routing
Net cores[0].core_instance_alu_out[0][2]: no routing
Net cores[0].core_instance_alu_out[0][1]: no routing
Net cores[0].core_instance_alu_out[0][0]: no routing
Net lsu_read_data[0][7]: no routing
Net lsu_read_data[0][6]: no routing
Net lsu_read_data[0][5]: no routing
Net lsu_read_data[0][4]: no routing
Net lsu_read_data[0][3]: no routing
Net lsu_read_data[0][2]: no routing
Net lsu_read_data[0][1]: no routing
Net lsu_read_data[0][0]: no routing
Net cores[0].core_instance_lsu_out[0][7]: no routing
Net cores[0].core_instance_lsu_out[0][6]: no routing
Net cores[0].core_instance_lsu_out[0][5]: no routing
Net cores[0].core_instance_lsu_out[0][4]: no routing
Net cores[0].core_instance_lsu_out[0][3]: no routing
Net cores[0].core_instance_lsu_out[0][2]: no routing
Net cores[0].core_instance_lsu_out[0][1]: no routing
Net cores[0].core_instance_lsu_out[0][0]: no routing
Net cores[0].core_instance_lsu_state[0][1]: no routing
Net cores[0].core_instance_rt[0][7]: no routing
Net cores[0].core_instance_rt[0][6]: no routing
Net cores[0].core_instance_rt[0][5]: no routing
Net cores[0].core_instance_rt[0][4]: no routing
Net cores[0].core_instance_rt[0][3]: no routing
Net cores[0].core_instance_rt[0][2]: no routing
Net cores[0].core_instance_rt[0][1]: no routing
Net cores[0].core_instance_rt[0][0]: no routing
Net cores[0].core_lsu_write_data[0][7]: no routing
Net cores[0].core_lsu_write_data[0][4]: no routing
Net cores[0].core_lsu_write_data[0][3]: no routing
Net cores[0].core_instance_threads[0].pc_instance_nzp[2]: no routing
Net cores[0].core_instance_threads[0].pc_instance_nzp[1]: no routing
Net cores[0].core_instance_threads[0].pc_instance_nzp[0]: no routing
Net cores[0].core_instance_alu_out[1][7]: no routing
Net cores[0].core_instance_alu_out[1][6]: no routing
Net cores[0].core_instance_alu_out[1][5]: no routing
Net cores[0].core_instance_alu_out[1][4]: no routing
Net cores[0].core_instance_alu_out[1][3]: no routing
Net cores[0].core_instance_alu_out[1][2]: no routing
Net cores[0].core_instance_alu_out[1][1]: no routing
Net cores[0].core_instance_alu_out[1][0]: no routing
Net lsu_read_data[1][7]: no routing
Net lsu_read_data[1][6]: no routing
Net lsu_read_data[1][5]: no routing
Net lsu_read_data[1][4]: no routing
Net lsu_read_data[1][3]: no routing
Net lsu_read_data[1][2]: no routing
Net lsu_read_data[1][1]: no routing
Net lsu_read_data[1][0]: no routing
Net cores[0].core_instance_lsu_out[1][7]: no routing
Net cores[0].core_instance_lsu_out[1][6]: no routing
Net cores[0].core_instance_lsu_out[1][5]: no routing
Net cores[0].core_instance_lsu_out[1][4]: no routing
Net cores[0].core_instance_lsu_out[1][3]: no routing
Net cores[0].core_instance_lsu_out[1][2]: no routing
Net cores[0].core_instance_lsu_out[1][1]: no routing
Net cores[0].core_instance_lsu_out[1][0]: no routing
Net cores[0].core_instance_rt[1][7]: no routing
Net cores[0].core_instance_rt[1][6]: no routing
Net cores[0].core_instance_rt[1][5]: no routing
Net cores[0].core_instance_rt[1][4]: no routing
Net cores[0].core_instance_rt[1][3]: no routing
Net cores[0].core_instance_rt[1][2]: no routing
Net cores[0].core_instance_rt[1][1]: no routing
Net cores[0].core_instance_rt[1][0]: no routing
Net cores[0].core_lsu_write_data[1][7]: no routing
Net cores[0].core_lsu_write_data[1][6]: no routing
Net cores[0].core_lsu_write_data[1][5]: no routing
Net cores[0].core_lsu_write_data[1][4]: no routing
Net cores[0].core_lsu_write_data[1][2]: no routing
Net cores[0].core_instance_alu_out[2][7]: no routing
Net cores[0].core_instance_alu_out[2][6]: no routing
Net cores[0].core_instance_alu_out[2][5]: no routing
Net cores[0].core_instance_alu_out[2][4]: no routing
Net cores[0].core_instance_alu_out[2][3]: no routing
Net cores[0].core_instance_alu_out[2][2]: no routing
Net cores[0].core_instance_alu_out[2][1]: no routing
Net cores[0].core_instance_alu_out[2][0]: no routing
Net lsu_read_data[2][7]: no routing
Net lsu_read_data[2][6]: no routing
Net lsu_read_data[2][5]: no routing
Net lsu_read_data[2][4]: no routing
Net lsu_read_data[2][3]: no routing
Net lsu_read_data[2][2]: no routing
Net lsu_read_data[2][1]: no routing
Net lsu_read_data[2][0]: no routing
Net cores[0].core_instance_lsu_out[2][7]: no routing
Net cores[0].core_instance_lsu_out[2][6]: no routing
Net cores[0].core_instance_lsu_out[2][5]: no routing
Net cores[0].core_instance_lsu_out[2][4]: no routing
Net cores[0].core_instance_lsu_out[2][3]: no routing
Net cores[0].core_instance_lsu_out[2][2]: no routing
Net cores[0].core_instance_lsu_out[2][1]: no routing
Net cores[0].core_instance_lsu_out[2][0]: no routing
Net cores[0].core_instance_rt[2][7]: no routing
Net cores[0].core_instance_rt[2][6]: no routing
Net cores[0].core_instance_rt[2][5]: no routing
Net cores[0].core_instance_rt[2][4]: no routing
Net cores[0].core_instance_rt[2][3]: no routing
Net cores[0].core_instance_rt[2][2]: no routing
Net cores[0].core_instance_rt[2][1]: no routing
Net cores[0].core_instance_rt[2][0]: no routing
Net cores[0].core_lsu_write_data[2][7]: no routing
Net cores[0].core_lsu_write_data[2][6]: no routing
Net cores[0].core_lsu_write_data[2][5]: no routing
Net cores[0].core_lsu_write_data[2][4]: no routing
Net cores[0].core_lsu_write_data[2][3]: no routing
Net cores[0].core_lsu_write_data[2][2]: no routing
Net cores[0].core_lsu_write_data[2][1]: no routing
Net cores[0].core_lsu_write_data[2][0]: no routing
Net cores[0].core_instance_alu_out[3][7]: no routing
Net cores[0].core_instance_alu_out[3][6]: no routing
Net cores[0].core_instance_alu_out[3][5]: no routing
Net cores[0].core_instance_alu_out[3][4]: no routing
Net cores[0].core_instance_alu_out[3][3]: no routing
Net cores[0].core_instance_alu_out[3][2]: no routing
Net cores[0].core_instance_alu_out[3][1]: no routing
Net cores[0].core_instance_alu_out[3][0]: no routing
Net lsu_read_data[3][7]: no routing
Net lsu_read_data[3][6]: no routing
Net lsu_read_data[3][5]: no routing
Net lsu_read_data[3][4]: no routing
Net lsu_read_data[3][3]: no routing
Net lsu_read_data[3][2]: no routing
Net lsu_read_data[3][1]: no routing
Net lsu_read_data[3][0]: no routing
Net cores[0].core_instance_lsu_out[3][7]: no routing
Net cores[0].core_instance_lsu_out[3][6]: no routing
Net cores[0].core_instance_lsu_out[3][5]: no routing
Net cores[0].core_instance_lsu_out[3][4]: no routing
Net cores[0].core_instance_lsu_out[3][3]: no routing
Net cores[0].core_instance_lsu_out[3][2]: no routing
Net cores[0].core_instance_lsu_out[3][1]: no routing
Net cores[0].core_instance_lsu_out[3][0]: no routing
Net cores[0].core_instance_rt[3][7]: no routing
Net cores[0].core_instance_rt[3][6]: no routing
Net cores[0].core_instance_rt[3][5]: no routing
Net cores[0].core_instance_rt[3][4]: no routing
Net cores[0].core_instance_rt[3][3]: no routing
Net cores[0].core_instance_rt[3][2]: no routing
Net cores[0].core_instance_rt[3][1]: no routing
Net cores[0].core_instance_rt[3][0]: no routing
Net cores[0].core_lsu_write_data[3][6]: no routing
Net cores[0].core_lsu_write_data[3][5]: no routing
Net cores[0].core_lsu_write_data[3][4]: no routing
Net cores[0].core_lsu_write_data[3][2]: no routing
Net cores[0].core_lsu_write_data[3][1]: no routing
Net cores[0].core_lsu_write_data[3][0]: no routing
Net cores[1].core_instance_decoded_alu_arithmetic_mux[1]: no routing
Net cores[1].core_instance_decoded_alu_arithmetic_mux[0]: no routing
Net cores[1].core_instance_instruction[15]: no routing
Net cores[1].core_instance_instruction[14]: no routing
Net cores[1].core_instance_instruction[13]: no routing
Net cores[1].core_instance_instruction[12]: no routing
Net cores[1].core_instance_instruction[11]: no routing
Net cores[1].core_instance_instruction[10]: no routing
Net cores[1].core_instance_instruction[9]: no routing
Net cores[1].core_instance_instruction[8]: no routing
Net cores[1].core_instance_instruction[7]: no routing
Net cores[1].core_instance_instruction[6]: no routing
Net cores[1].core_instance_instruction[5]: no routing
Net cores[1].core_instance_instruction[4]: no routing
Net cores[1].core_instance_instruction[3]: no routing
Net cores[1].core_instance_instruction[2]: no routing
Net cores[1].core_instance_instruction[1]: no routing
Net cores[1].core_instance_instruction[0]: no routing
Net cores[1].core_instance_decoded_immediate[7]: no routing
Net cores[1].core_instance_decoded_immediate[6]: no routing
Net cores[1].core_instance_decoded_immediate[5]: no routing
Net cores[1].core_instance_decoded_immediate[4]: no routing
Net cores[1].core_instance_decoded_immediate[3]: no routing
Net cores[1].core_instance_decoded_immediate[2]: no routing
Net cores[1].core_instance_decoded_immediate[1]: no routing
Net cores[1].core_instance_decoded_immediate[0]: no routing
Net cores[1].core_instance_decoded_rd_address[3]: no routing
Net cores[1].core_instance_decoded_rd_address[2]: no routing
Net cores[1].core_instance_decoded_rd_address[1]: no routing
Net fetcher_read_data[1][15]: no routing
Net fetcher_read_data[1][14]: no routing
Net fetcher_read_data[1][13]: no routing
Net fetcher_read_data[1][12]: no routing
Net fetcher_read_data[1][11]: no routing
Net fetcher_read_data[1][10]: no routing
Net fetcher_read_data[1][9]: no routing
Net fetcher_read_data[1][8]: no routing
Net fetcher_read_data[1][7]: no routing
Net fetcher_read_data[1][6]: no routing
Net fetcher_read_data[1][5]: no routing
Net fetcher_read_data[1][4]: no routing
Net fetcher_read_data[1][3]: no routing
Net fetcher_read_data[1][2]: no routing
Net fetcher_read_data[1][1]: no routing
Net fetcher_read_data[1][0]: no routing
Net cores[1].core_instance_current_pc[7]: no routing
Net cores[1].core_instance_current_pc[6]: no routing
Net cores[1].core_instance_current_pc[5]: no routing
Net cores[1].core_instance_current_pc[4]: no routing
Net cores[1].core_instance_current_pc[3]: no routing
Net cores[1].core_instance_current_pc[2]: no routing
Net cores[1].core_instance_current_pc[1]: no routing
Net cores[1].core_instance_current_pc[0]: no routing
Net cores[1].core_instance_next_pc[0][7]: no routing
Net cores[1].core_instance_next_pc[0][6]: no routing
Net cores[1].core_instance_next_pc[0][5]: no routing
Net cores[1].core_instance_next_pc[0][4]: no routing
Net cores[1].core_instance_next_pc[0][3]: no routing
Net cores[1].core_instance_next_pc[0][2]: no routing
Net cores[1].core_instance_next_pc[0][1]: no routing
Net cores[1].core_instance_next_pc[0][0]: no routing
Net cores[1].core_instance_alu_out[0][7]: no routing
Net cores[1].core_instance_alu_out[0][6]: no routing
Net cores[1].core_instance_alu_out[0][5]: no routing
Net cores[1].core_instance_alu_out[0][4]: no routing
Net cores[1].core_instance_alu_out[0][3]: no routing
Net cores[1].core_instance_alu_out[0][2]: no routing
Net cores[1].core_instance_alu_out[0][1]: no routing
Net cores[1].core_instance_alu_out[0][0]: no routing
Net lsu_read_data[4][7]: no routing
Net lsu_read_data[4][6]: no routing
Net lsu_read_data[4][5]: no routing
Net lsu_read_data[4][4]: no routing
Net lsu_read_data[4][3]: no routing
Net lsu_read_data[4][2]: no routing
Net lsu_read_data[4][1]: no routing
Net lsu_read_data[4][0]: no routing
Net cores[1].core_instance_lsu_out[0][7]: no routing
Net cores[1].core_instance_lsu_out[0][6]: no routing
Net cores[1].core_instance_lsu_out[0][5]: no routing
Net cores[1].core_instance_lsu_out[0][4]: no routing
Net cores[1].core_instance_lsu_out[0][3]: no routing
Net cores[1].core_instance_lsu_out[0][2]: no routing
Net cores[1].core_instance_lsu_out[0][1]: no routing
Net cores[1].core_instance_lsu_out[0][0]: no routing
Net cores[1].core_instance_lsu_state[0][1]: no routing
Net cores[1].core_instance_rt[0][7]: no routing
Net cores[1].core_instance_rt[0][6]: no routing
Net cores[1].core_instance_rt[0][5]: no routing
Net cores[1].core_instance_rt[0][4]: no routing
Net cores[1].core_instance_rt[0][3]: no routing
Net cores[1].core_instance_rt[0][2]: no routing
Net cores[1].core_instance_rt[0][1]: no routing
Net cores[1].core_instance_rt[0][0]: no routing
Net cores[1].core_lsu_write_data[0][7]: no routing
Net cores[1].core_lsu_write_data[0][6]: no routing
Net cores[1].core_lsu_write_data[0][5]: no routing
Net cores[1].core_lsu_write_data[0][3]: no routing
Net cores[1].core_lsu_write_data[0][1]: no routing
Net cores[1].core_lsu_write_data[0][0]: no routing
Net cores[1].core_instance_threads[0].pc_instance_nzp[2]: no routing
Net cores[1].core_instance_threads[0].pc_instance_nzp[1]: no routing
Net cores[1].core_instance_threads[0].pc_instance_nzp[0]: no routing
Net cores[1].core_instance_alu_out[1][7]: no routing
Net cores[1].core_instance_alu_out[1][6]: no routing
Net cores[1].core_instance_alu_out[1][5]: no routing
Net cores[1].core_instance_alu_out[1][4]: no routing
Net cores[1].core_instance_alu_out[1][3]: no routing
Net cores[1].core_instance_alu_out[1][2]: no routing
Net cores[1].core_instance_alu_out[1][1]: no routing
Net cores[1].core_instance_alu_out[1][0]: no routing
Net lsu_read_data[5][7]: no routing
Net lsu_read_data[5][6]: no routing
Net lsu_read_data[5][5]: no routing
Net lsu_read_data[5][4]: no routing
Net lsu_read_data[5][3]: no routing
Net lsu_read_data[5][2]: no routing
Net lsu_read_data[5][1]: no routing
Net lsu_read_data[5][0]: no routing
Net cores[1].core_instance_lsu_out[1][7]: no routing
Net cores[1].core_instance_lsu_out[1][6]: no routing
Net cores[1].core_instance_lsu_out[1][5]: no routing
Net cores[1].core_instance_lsu_out[1][4]: no routing
Net cores[1].core_instance_lsu_out[1][3]: no routing
Net cores[1].core_instance_lsu_out[1][2]: no routing
Net cores[1].core_instance_lsu_out[1][1]: no routing
Net cores[1].core_instance_lsu_out[1][0]: no routing
Net cores[1].core_instance_rt[1][7]: no routing
Net cores[1].core_instance_rt[1][6]: no routing
Net cores[1].core_instance_rt[1][5]: no routing
Net cores[1].core_instance_rt[1][4]: no routing
Net cores[1].core_instance_rt[1][3]: no routing
Net cores[1].core_instance_rt[1][2]: no routing
Net cores[1].core_instance_rt[1][1]: no routing
Net cores[1].core_instance_rt[1][0]: no routing
Net cores[1].core_lsu_write_data[1][7]: no routing
Net cores[1].core_lsu_write_data[1][6]: no routing
Net cores[1].core_lsu_write_data[1][5]: no routing
Net cores[1].core_lsu_write_data[1][3]: no routing
Net cores[1].core_lsu_write_data[1][1]: no routing
Net cores[1].core_lsu_write_data[1][0]: no routing
Net cores[1].core_instance_alu_out[2][7]: no routing
Net cores[1].core_instance_alu_out[2][6]: no routing
Net cores[1].core_instance_alu_out[2][5]: no routing
Net cores[1].core_instance_alu_out[2][4]: no routing
Net cores[1].core_instance_alu_out[2][3]: no routing
Net cores[1].core_instance_alu_out[2][2]: no routing
Net cores[1].core_instance_alu_out[2][1]: no routing
Net cores[1].core_instance_alu_out[2][0]: no routing
Net lsu_read_data[6][7]: no routing
Net lsu_read_data[6][6]: no routing
Net lsu_read_data[6][5]: no routing
Net lsu_read_data[6][4]: no routing
Net lsu_read_data[6][3]: no routing
Net lsu_read_data[6][2]: no routing
Net lsu_read_data[6][1]: no routing
Net lsu_read_data[6][0]: no routing
Net cores[1].core_instance_lsu_out[2][7]: no routing
Net cores[1].core_instance_lsu_out[2][6]: no routing
Net cores[1].core_instance_lsu_out[2][5]: no routing
Net cores[1].core_instance_lsu_out[2][4]: no routing
Net cores[1].core_instance_lsu_out[2][3]: no routing
Net cores[1].core_instance_lsu_out[2][2]: no routing
Net cores[1].core_instance_lsu_out[2][1]: no routing
Net cores[1].core_instance_lsu_out[2][0]: no routing
Net cores[1].core_instance_rt[2][7]: no routing
Net cores[1].core_instance_rt[2][6]: no routing
Net cores[1].core_instance_rt[2][5]: no routing
Net cores[1].core_instance_rt[2][4]: no routing
Net cores[1].core_instance_rt[2][3]: no routing
Net cores[1].core_instance_rt[2][2]: no routing
Net cores[1].core_instance_rt[2][1]: no routing
Net cores[1].core_instance_rt[2][0]: no routing
Net cores[1].core_lsu_write_data[2][7]: no routing
Net cores[1].core_lsu_write_data[2][6]: no routing
Net cores[1].core_lsu_write_data[2][5]: no routing
Net cores[1].core_lsu_write_data[2][4]: no routing
Net cores[1].core_lsu_write_data[2][3]: no routing
Net cores[1].core_lsu_write_data[2][2]: no routing
Net cores[1].core_lsu_write_data[2][1]: no routing
Net cores[1].core_lsu_write_data[2][0]: no routing
Net cores[1].core_instance_alu_out[3][7]: no routing
Net cores[1].core_instance_alu_out[3][6]: no routing
Net cores[1].core_instance_alu_out[3][5]: no routing
Net cores[1].core_instance_alu_out[3][4]: no routing
Net cores[1].core_instance_alu_out[3][3]: no routing
Net cores[1].core_instance_alu_out[3][2]: no routing
Net cores[1].core_instance_alu_out[3][1]: no routing
Net cores[1].core_instance_alu_out[3][0]: no routing
Net lsu_read_data[7][7]: no routing
Net lsu_read_data[7][6]: no routing
Net lsu_read_data[7][5]: no routing
Net lsu_read_data[7][4]: no routing
Net lsu_read_data[7][3]: no routing
Net lsu_read_data[7][2]: no routing
Net lsu_read_data[7][1]: no routing
Net lsu_read_data[7][0]: no routing
Net cores[1].core_instance_lsu_out[3][7]: no routing
Net cores[1].core_instance_lsu_out[3][6]: no routing
Net cores[1].core_instance_lsu_out[3][5]: no routing
Net cores[1].core_instance_lsu_out[3][4]: no routing
Net cores[1].core_instance_lsu_out[3][3]: no routing
Net cores[1].core_instance_lsu_out[3][2]: no routing
Net cores[1].core_instance_lsu_out[3][1]: no routing
Net cores[1].core_instance_lsu_out[3][0]: no routing
Net cores[1].core_instance_rt[3][7]: no routing
Net cores[1].core_instance_rt[3][6]: no routing
Net cores[1].core_instance_rt[3][5]: no routing
Net cores[1].core_instance_rt[3][4]: no routing
Net cores[1].core_instance_rt[3][3]: no routing
Net cores[1].core_instance_rt[3][2]: no routing
Net cores[1].core_instance_rt[3][1]: no routing
Net cores[1].core_instance_rt[3][0]: no routing
Net cores[1].core_lsu_write_data[3][7]: no routing
Net cores[1].core_lsu_write_data[3][6]: no routing
Net cores[1].core_lsu_write_data[3][5]: no routing
Net cores[1].core_lsu_write_data[3][4]: no routing
Net cores[1].core_lsu_write_data[3][3]: no routing
Net cores[1].core_lsu_write_data[3][2]: no routing
Net cores[1].core_lsu_write_data[3][1]: no routing
Net cores[1].core_lsu_write_data[3][0]: no routing
Net thread_count[7]: no routing
Net thread_count[6]: no routing
Net thread_count[5]: no routing
Net thread_count[4]: no routing
Net thread_count[3]: no routing
Net thread_count[2]: no routing
Net thread_count[1]: no routing
Net thread_count[0]: no routing
Net fetcher_read_ready[1]: no routing
Net fetcher_read_ready[0]: no routing
Net program_memory_controller_controller_state[0][2]: no routing
Net program_memory_controller_controller_state[0][1]: no routing
Net cores[1].core_instance_rs[2][7]: no routing
Net cores[1].core_instance_rs[2][6]: no routing
Net cores[1].core_instance_rs[2][5]: no routing
Net cores[1].core_instance_rs[2][4]: no routing
Net cores[1].core_instance_rs[2][3]: no routing
Net cores[1].core_instance_rs[2][2]: no routing
Net cores[1].core_instance_rs[2][1]: no routing
Net cores[1].core_instance_rs[2][0]: no routing
Net cores[0].core_instance_rs[2][7]: no routing
Net cores[0].core_instance_rs[2][6]: no routing
Net cores[0].core_instance_rs[2][5]: no routing
Net cores[0].core_instance_rs[2][4]: no routing
Net cores[0].core_instance_rs[2][3]: no routing
Net cores[0].core_instance_rs[2][2]: no routing
Net cores[0].core_instance_rs[2][1]: no routing
Net cores[0].core_instance_rs[2][0]: no routing
Net cores[1].core_instance_threads[0].register_instance_registers[8][7]: no routing
Net cores[1].core_instance_threads[0].register_instance_registers[8][6]: no routing
Net cores[1].core_instance_threads[0].register_instance_registers[8][4]: no routing
Net cores[1].core_instance_threads[0].register_instance_registers[8][3]: no routing
Net cores[1].core_instance_threads[0].register_instance_registers[8][2]: no routing
Net cores[1].core_instance_threads[0].register_instance_registers[8][1]: no routing
Net cores[1].core_instance_threads[0].register_instance_registers[8][0]: no routing
Net cores[1].core_instance_threads[0].register_instance_registers[7][7]: no routing
Net cores[1].core_instance_threads[0].register_instance_registers[7][5]: no routing
Net cores[1].core_instance_threads[0].register_instance_registers[7][4]: no routing
Net cores[1].core_instance_threads[0].register_instance_registers[7][2]: no routing
Net cores[1].core_instance_threads[0].register_instance_registers[7][1]: no routing
Net cores[0].core_instance_threads[0].register_instance_registers[9][7]: no routing
Net cores[0].core_instance_threads[0].register_instance_registers[9][6]: no routing
Net cores[0].core_instance_threads[0].register_instance_registers[9][5]: no routing
Net cores[0].core_instance_threads[0].register_instance_registers[9][3]: no routing
Net cores[0].core_instance_threads[0].register_instance_registers[9][2]: no routing
Net cores[0].core_instance_threads[0].register_instance_registers[9][1]: no routing
Net cores[0].core_instance_threads[0].register_instance_registers[9][0]: no routing
Net cores[0].core_instance_threads[0].register_instance_registers[7][7]: no routing
Net cores[0].core_instance_threads[0].register_instance_registers[7][5]: no routing
Net cores[0].core_instance_threads[0].register_instance_registers[7][4]: no routing
Net cores[0].core_instance_threads[0].register_instance_registers[7][2]: no routing
Net cores[0].core_instance_threads[0].register_instance_registers[7][1]: no routing
Net cores[0].core_instance_threads[0].register_instance_registers[7][0]: no routing
Net cores[0].core_instance_rs[0][7]: no routing
Net cores[0].core_instance_rs[0][6]: no routing
Net cores[0].core_instance_rs[0][5]: no routing
Net cores[0].core_instance_rs[0][4]: no routing
Net cores[0].core_instance_rs[0][3]: no routing
Net cores[0].core_instance_rs[0][2]: no routing
Net cores[0].core_instance_rs[0][1]: no routing
Net cores[0].core_instance_rs[0][0]: no routing
Net cores[1].core_instance_rs[0][7]: no routing
Net cores[1].core_instance_rs[0][6]: no routing
Net cores[1].core_instance_rs[0][5]: no routing
Net cores[1].core_instance_rs[0][4]: no routing
Net cores[1].core_instance_rs[0][3]: no routing
Net cores[1].core_instance_rs[0][2]: no routing
Net cores[1].core_instance_rs[0][1]: no routing
Net cores[1].core_instance_rs[0][0]: no routing
Net cores[0].core_instance_threads[2].register_instance_registers[8][7]: no routing
Net cores[0].core_instance_threads[2].register_instance_registers[8][6]: no routing
Net cores[0].core_instance_threads[2].register_instance_registers[8][5]: no routing
Net cores[0].core_instance_threads[2].register_instance_registers[8][4]: no routing
Net cores[0].core_instance_threads[2].register_instance_registers[8][3]: no routing
Net cores[0].core_instance_threads[2].register_instance_registers[8][2]: no routing
Net cores[0].core_instance_threads[2].register_instance_registers[8][1]: no routing
Net cores[0].core_instance_threads[2].register_instance_registers[8][0]: no routing
Net cores[0].core_instance_threads[0].register_instance_registers[5][7]: no routing
Net cores[0].core_instance_threads[0].register_instance_registers[5][6]: no routing
Net cores[0].core_instance_threads[0].register_instance_registers[5][4]: no routing
Net cores[0].core_instance_threads[0].register_instance_registers[5][3]: no routing
Net cores[0].core_instance_threads[0].register_instance_registers[5][1]: no routing
Net cores[0].core_instance_threads[0].register_instance_registers[5][0]: no routing
Net cores[0].core_instance_threads[0].register_instance_registers[12][5]: no routing
Net cores[0].core_instance_threads[0].register_instance_registers[12][4]: no routing
Net cores[0].core_instance_threads[0].register_instance_registers[12][3]: no routing
Net cores[0].core_instance_threads[0].register_instance_registers[12][2]: no routing
Net cores[0].core_instance_threads[0].register_instance_registers[12][1]: no routing
Net cores[1].core_instance_threads[0].register_instance_registers[5][7]: no routing
Net cores[1].core_instance_threads[0].register_instance_registers[5][6]: no routing
Net cores[1].core_instance_threads[0].register_instance_registers[5][5]: no routing
Net cores[1].core_instance_threads[0].register_instance_registers[5][3]: no routing
Net cores[1].core_instance_threads[0].register_instance_registers[5][2]: no routing
Net cores[1].core_instance_threads[0].register_instance_registers[5][1]: no routing
Net cores[1].core_instance_threads[0].register_instance_registers[5][0]: no routing
Net cores[1].core_instance_threads[0].register_instance_registers[13][5]: no routing
Net cores[1].core_instance_threads[0].register_instance_registers[13][3]: no routing
Net cores[1].core_instance_threads[0].register_instance_registers[13][1]: no routing
Net cores[1].core_instance_threads[0].register_instance_registers[3][7]: no routing
Net cores[1].core_instance_threads[0].register_instance_registers[3][2]: no routing
Net cores[1].core_instance_threads[0].register_instance_registers[3][1]: no routing
Net cores[1].core_instance_threads[0].register_instance_registers[6][7]: no routing
Net cores[1].core_instance_threads[0].register_instance_registers[6][5]: no routing
Net cores[1].core_instance_threads[0].register_instance_registers[6][3]: no routing
Net cores[1].core_instance_threads[0].register_instance_registers[6][2]: no routing
Net cores[1].core_instance_threads[0].register_instance_registers[6][1]: no routing
Net cores[1].core_instance_threads[0].register_instance_registers[6][0]: no routing
Net cores[0].core_instance_threads[0].register_instance_registers[3][7]: no routing
Net cores[0].core_instance_threads[0].register_instance_registers[3][6]: no routing
Net cores[0].core_instance_threads[0].register_instance_registers[3][5]: no routing
Net cores[0].core_instance_threads[0].register_instance_registers[3][4]: no routing
Net cores[0].core_instance_threads[0].register_instance_registers[3][3]: no routing
Net cores[0].core_instance_threads[0].register_instance_registers[3][2]: no routing
Net cores[0].core_instance_threads[0].register_instance_registers[3][0]: no routing
Net cores[0].core_instance_threads[0].register_instance_registers[4][7]: no routing
Net cores[0].core_instance_threads[0].register_instance_registers[4][6]: no routing
Net cores[0].core_instance_threads[0].register_instance_registers[4][5]: no routing
Net cores[0].core_instance_threads[0].register_instance_registers[4][4]: no routing
Net cores[0].core_instance_threads[0].register_instance_registers[4][3]: no routing
Net cores[0].core_instance_threads[0].register_instance_registers[4][1]: no routing
Net cores[0].core_instance_threads[0].register_instance_registers[13][5]: no routing
Net cores[0].core_instance_threads[0].register_instance_registers[13][3]: no routing
Net cores[0].core_instance_threads[0].register_instance_registers[13][2]: no routing
Net cores[0].core_instance_threads[0].register_instance_registers[13][1]: no routing
Net cores[0].core_instance_threads[1].register_instance_registers[13][5]: no routing
Net cores[0].core_instance_threads[1].register_instance_registers[13][3]: no routing
Net cores[0].core_instance_threads[1].register_instance_registers[13][2]: no routing
Net cores[0].core_instance_threads[1].register_instance_registers[13][0]: no routing
Net cores[0].core_instance_threads[1].register_instance_registers[8][7]: no routing
Net cores[0].core_instance_threads[1].register_instance_registers[8][6]: no routing
Net cores[0].core_instance_threads[1].register_instance_registers[8][5]: no routing
Net cores[0].core_instance_threads[1].register_instance_registers[8][4]: no routing
Net cores[0].core_instance_threads[1].register_instance_registers[8][1]: no routing
Net cores[0].core_instance_threads[1].register_instance_registers[8][0]: no routing
Net cores[0].core_instance_threads[2].register_instance_registers[5][7]: no routing
Net cores[0].core_instance_threads[2].register_instance_registers[5][6]: no routing
Net cores[0].core_instance_threads[2].register_instance_registers[5][5]: no routing
Net cores[0].core_instance_threads[2].register_instance_registers[5][4]: no routing
Net cores[0].core_instance_threads[2].register_instance_registers[5][3]: no routing
Net cores[0].core_instance_threads[2].register_instance_registers[5][2]: no routing
Net cores[0].core_instance_threads[2].register_instance_registers[5][1]: no routing
Net cores[0].core_instance_threads[2].register_instance_registers[5][0]: no routing
Net cores[0].core_instance_threads[2].register_instance_registers[13][5]: no routing
Net cores[0].core_instance_threads[2].register_instance_registers[13][3]: no routing
Net cores[0].core_instance_threads[2].register_instance_registers[13][2]: no routing
Net cores[0].core_instance_threads[2].register_instance_registers[13][1]: no routing
Net cores[0].core_instance_threads[2].register_instance_registers[13][0]: no routing
Net cores[1].core_instance_rs[1][7]: no routing
Net cores[1].core_instance_rs[1][6]: no routing
Net cores[1].core_instance_rs[1][5]: no routing
Net cores[1].core_instance_rs[1][4]: no routing
Net cores[1].core_instance_rs[1][3]: no routing
Net cores[1].core_instance_rs[1][2]: no routing
Net cores[1].core_instance_rs[1][1]: no routing
Net cores[1].core_instance_rs[1][0]: no routing
Net cores[1].core_instance_threads[1].register_instance_registers[4][7]: no routing
Net cores[1].core_instance_threads[1].register_instance_registers[4][6]: no routing
Net cores[1].core_instance_threads[1].register_instance_registers[4][5]: no routing
Net cores[1].core_instance_threads[1].register_instance_registers[4][4]: no routing
Net cores[1].core_instance_threads[1].register_instance_registers[4][3]: no routing
Net cores[1].core_instance_threads[1].register_instance_registers[4][2]: no routing
Net cores[1].core_instance_threads[1].register_instance_registers[4][1]: no routing
Net cores[1].core_instance_threads[1].register_instance_registers[4][0]: no routing
Net cores[1].core_instance_threads[1].register_instance_registers[3][7]: no routing
Net cores[1].core_instance_threads[1].register_instance_registers[3][6]: no routing
Net cores[1].core_instance_threads[1].register_instance_registers[3][5]: no routing
Net cores[1].core_instance_threads[1].register_instance_registers[3][4]: no routing
Net cores[1].core_instance_threads[1].register_instance_registers[3][3]: no routing
Net cores[1].core_instance_threads[1].register_instance_registers[3][2]: no routing
Net cores[1].core_instance_threads[1].register_instance_registers[3][1]: no routing
Net cores[1].core_instance_threads[1].register_instance_registers[3][0]: no routing
Net cores[1].core_instance_threads[1].register_instance_registers[12][6]: no routing
Net cores[1].core_instance_threads[1].register_instance_registers[12][5]: no routing
Net cores[1].core_instance_threads[1].register_instance_registers[12][4]: no routing
Net cores[1].core_instance_threads[1].register_instance_registers[12][3]: no routing
Net cores[1].core_instance_threads[1].register_instance_registers[12][2]: no routing
Net cores[1].core_instance_threads[1].register_instance_registers[12][0]: no routing
Net cores[1].core_instance_threads[1].register_instance_registers[11][7]: no routing
Net cores[1].core_instance_threads[1].register_instance_registers[11][6]: no routing
Net cores[1].core_instance_threads[1].register_instance_registers[11][5]: no routing
Net cores[1].core_instance_threads[1].register_instance_registers[11][4]: no routing
Net cores[1].core_instance_threads[1].register_instance_registers[11][2]: no routing
Net cores[1].core_instance_threads[1].register_instance_registers[11][0]: no routing
Net cores[0].core_instance_threads[2].register_instance_registers[3][7]: no routing
Net cores[0].core_instance_threads[2].register_instance_registers[3][6]: no routing
Net cores[0].core_instance_threads[2].register_instance_registers[3][5]: no routing
Net cores[0].core_instance_threads[2].register_instance_registers[3][3]: no routing
Net cores[0].core_instance_threads[2].register_instance_registers[3][2]: no routing
Net cores[0].core_instance_threads[2].register_instance_registers[3][1]: no routing
Net cores[0].core_instance_threads[2].register_instance_registers[3][0]: no routing
Net cores[0].core_instance_threads[2].register_instance_registers[7][6]: no routing
Net cores[0].core_instance_threads[2].register_instance_registers[7][5]: no routing
Net cores[0].core_instance_threads[2].register_instance_registers[7][4]: no routing
Net cores[0].core_instance_threads[2].register_instance_registers[7][3]: no routing
Net cores[0].core_instance_threads[2].register_instance_registers[7][2]: no routing
Net cores[0].core_instance_threads[2].register_instance_registers[7][1]: no routing
Net cores[1].core_instance_threads[2].register_instance_registers[3][6]: no routing
Net cores[1].core_instance_threads[2].register_instance_registers[3][5]: no routing
Net cores[1].core_instance_threads[2].register_instance_registers[3][4]: no routing
Net cores[1].core_instance_threads[2].register_instance_registers[3][3]: no routing
Net cores[1].core_instance_threads[2].register_instance_registers[3][2]: no routing
Net cores[1].core_instance_threads[2].register_instance_registers[3][1]: no routing
Net cores[1].core_instance_threads[2].register_instance_registers[3][0]: no routing
Net cores[1].core_instance_threads[2].register_instance_registers[12][5]: no routing
Net cores[1].core_instance_threads[2].register_instance_registers[12][4]: no routing
Net cores[1].core_instance_threads[2].register_instance_registers[12][3]: no routing
Net cores[1].core_instance_threads[2].register_instance_registers[12][2]: no routing
Net cores[1].core_instance_threads[2].register_instance_registers[12][1]: no routing
Net cores[1].core_instance_threads[2].register_instance_registers[12][0]: no routing
Net cores[1].core_instance_threads[3].register_instance_registers[8][7]: no routing
Net cores[1].core_instance_threads[3].register_instance_registers[8][5]: no routing
Net cores[1].core_instance_threads[3].register_instance_registers[8][4]: no routing
Net cores[1].core_instance_threads[3].register_instance_registers[8][3]: no routing
Net cores[1].core_instance_threads[3].register_instance_registers[8][1]: no routing
Net cores[1].core_instance_threads[3].register_instance_registers[8][0]: no routing
Net cores[1].core_instance_threads[3].register_instance_registers[2][7]: no routing
Net cores[1].core_instance_threads[3].register_instance_registers[2][6]: no routing
Net cores[1].core_instance_threads[3].register_instance_registers[2][4]: no routing
Net cores[1].core_instance_threads[3].register_instance_registers[2][3]: no routing
Net cores[1].core_instance_threads[3].register_instance_registers[2][2]: no routing
Net cores[1].core_instance_threads[3].register_instance_registers[2][1]: no routing
Net cores[1].core_instance_threads[3].register_instance_registers[2][0]: no routing
Net cores[1].core_instance_threads[3].register_instance_registers[12][7]: no routing
Net cores[1].core_instance_threads[3].register_instance_registers[12][6]: no routing
Net cores[1].core_instance_threads[3].register_instance_registers[12][5]: no routing
Net cores[1].core_instance_threads[3].register_instance_registers[12][4]: no routing
Net cores[1].core_instance_threads[3].register_instance_registers[12][1]: no routing
Net cores[1].core_instance_threads[3].register_instance_registers[12][0]: no routing
Net cores[1].core_instance_threads[1].register_instance_registers[2][4]: no routing
Net cores[1].core_instance_threads[1].register_instance_registers[2][3]: no routing
Net cores[1].core_instance_threads[1].register_instance_registers[2][2]: no routing
Net cores[1].core_instance_threads[1].register_instance_registers[2][1]: no routing
Net cores[1].core_instance_threads[1].register_instance_registers[2][0]: no routing
Net cores[1].core_instance_threads[1].register_instance_registers[9][7]: no routing
Net cores[1].core_instance_threads[1].register_instance_registers[9][3]: no routing
Net cores[1].core_instance_threads[1].register_instance_registers[9][2]: no routing
Net cores[1].core_instance_threads[1].register_instance_registers[9][1]: no routing
Net cores[1].core_instance_threads[1].register_instance_registers[9][0]: no routing
Net cores[0].core_instance_threads[2].register_instance_registers[1][7]: no routing
Net cores[0].core_instance_threads[2].register_instance_registers[1][6]: no routing
Net cores[0].core_instance_threads[2].register_instance_registers[1][4]: no routing
Net cores[0].core_instance_threads[2].register_instance_registers[1][3]: no routing
Net cores[0].core_instance_threads[2].register_instance_registers[1][2]: no routing
Net cores[0].core_instance_threads[2].register_instance_registers[1][1]: no routing
Net cores[0].core_instance_threads[2].register_instance_registers[1][0]: no routing
Net cores[0].core_instance_threads[2].register_instance_registers[10][7]: no routing
Net cores[0].core_instance_threads[2].register_instance_registers[10][5]: no routing
Net cores[0].core_instance_threads[2].register_instance_registers[10][4]: no routing
Net cores[0].core_instance_threads[2].register_instance_registers[10][3]: no routing
Net cores[0].core_instance_threads[2].register_instance_registers[10][1]: no routing
Net cores[0].core_instance_threads[2].register_instance_registers[2][4]: no routing
Net cores[0].core_instance_threads[2].register_instance_registers[2][3]: no routing
Net cores[0].core_instance_threads[2].register_instance_registers[2][2]: no routing
Net cores[0].core_instance_threads[2].register_instance_registers[9][6]: no routing
Net cores[0].core_instance_threads[2].register_instance_registers[9][2]: no routing
Net cores[0].core_instance_threads[2].register_instance_registers[9][1]: no routing
Net cores[0].core_instance_threads[2].register_instance_registers[9][0]: no routing
Net cores[1].core_instance_threads[2].register_instance_registers[2][7]: no routing
Net cores[1].core_instance_threads[2].register_instance_registers[2][4]: no routing
Net cores[1].core_instance_threads[2].register_instance_registers[2][2]: no routing
Net cores[1].core_instance_threads[2].register_instance_registers[2][1]: no routing
Net cores[1].core_instance_threads[2].register_instance_registers[2][0]: no routing
Net cores[1].core_instance_threads[2].register_instance_registers[10][6]: no routing
Net cores[1].core_instance_threads[2].register_instance_registers[10][5]: no routing
Net cores[1].core_instance_threads[2].register_instance_registers[10][4]: no routing
Net cores[1].core_instance_threads[2].register_instance_registers[10][2]: no routing
Net cores[1].core_instance_threads[2].register_instance_registers[10][1]: no routing
Net cores[1].core_instance_threads[2].register_instance_registers[9][7]: no routing
Net cores[1].core_instance_threads[2].register_instance_registers[9][5]: no routing
Net cores[1].core_instance_threads[2].register_instance_registers[9][4]: no routing
Net cores[1].core_instance_threads[2].register_instance_registers[9][3]: no routing
Net cores[1].core_instance_threads[2].register_instance_registers[9][2]: no routing
Net cores[1].core_instance_threads[2].register_instance_registers[9][1]: no routing
Net cores[1].core_instance_threads[2].register_instance_registers[9][0]: no routing
Net cores[0].core_instance_threads[1].register_instance_registers[1][7]: no routing
Net cores[0].core_instance_threads[1].register_instance_registers[1][6]: no routing
Net cores[0].core_instance_threads[1].register_instance_registers[1][3]: no routing
Net cores[0].core_instance_threads[1].register_instance_registers[1][2]: no routing
Net cores[0].core_instance_threads[1].register_instance_registers[1][0]: no routing
Net cores[0].core_instance_threads[1].register_instance_registers[11][7]: no routing
Net cores[0].core_instance_threads[1].register_instance_registers[11][6]: no routing
Net cores[0].core_instance_threads[1].register_instance_registers[11][5]: no routing
Net cores[0].core_instance_threads[1].register_instance_registers[11][4]: no routing
Net cores[0].core_instance_threads[1].register_instance_registers[11][3]: no routing
Net cores[0].core_instance_threads[1].register_instance_registers[11][2]: no routing
Net cores[0].core_instance_threads[1].register_instance_registers[11][1]: no routing
Net cores[0].core_instance_threads[2].register_instance_registers[6][7]: no routing
Net cores[0].core_instance_threads[2].register_instance_registers[6][5]: no routing
Net cores[0].core_instance_threads[2].register_instance_registers[6][3]: no routing
Net cores[0].core_instance_threads[2].register_instance_registers[6][1]: no routing
Net cores[0].core_instance_threads[2].register_instance_registers[6][0]: no routing
Net cores[0].core_instance_threads[1].register_instance_registers[2][5]: no routing
Net cores[0].core_instance_threads[1].register_instance_registers[2][3]: no routing
Net cores[0].core_instance_threads[1].register_instance_registers[2][1]: no routing
Net cores[0].core_instance_threads[1].register_instance_registers[6][5]: no routing
Net cores[0].core_instance_threads[1].register_instance_registers[6][3]: no routing
Net cores[0].core_instance_threads[1].register_instance_registers[6][2]: no routing
Net cores[0].core_instance_threads[1].register_instance_registers[6][1]: no routing
Net cores[0].core_instance_threads[1].register_instance_registers[6][0]: no routing
Net cores[0].core_instance_threads[1].register_instance_registers[5][7]: no routing
Net cores[0].core_instance_threads[1].register_instance_registers[5][6]: no routing
Net cores[0].core_instance_threads[1].register_instance_registers[5][4]: no routing
Net cores[0].core_instance_threads[1].register_instance_registers[5][1]: no routing
Net cores[0].core_instance_threads[1].register_instance_registers[5][0]: no routing
Net cores[0].core_instance_threads[1].register_instance_registers[10][6]: no routing
Net cores[0].core_instance_threads[1].register_instance_registers[10][4]: no routing
Net cores[0].core_instance_threads[1].register_instance_registers[10][3]: no routing
Net cores[0].core_instance_threads[1].register_instance_registers[10][2]: no routing
Net cores[0].core_instance_threads[1].register_instance_registers[10][0]: no routing
Net cores[0].core_instance_threads[1].register_instance_registers[4][7]: no routing
Net cores[0].core_instance_threads[1].register_instance_registers[4][6]: no routing
Net cores[0].core_instance_threads[1].register_instance_registers[4][5]: no routing
Net cores[0].core_instance_threads[1].register_instance_registers[4][4]: no routing
Net cores[0].core_instance_threads[1].register_instance_registers[4][3]: no routing
Net cores[0].core_instance_threads[1].register_instance_registers[4][2]: no routing
Net cores[0].core_instance_threads[1].register_instance_registers[4][1]: no routing
Net cores[0].core_instance_threads[1].register_instance_registers[4][0]: no routing
Net cores[0].core_instance_threads[0].register_instance_registers[8][5]: no routing
Net cores[0].core_instance_threads[0].register_instance_registers[8][4]: no routing
Net cores[0].core_instance_threads[0].register_instance_registers[8][3]: no routing
Net cores[0].core_instance_threads[0].register_instance_registers[8][2]: no routing
Net cores[0].core_instance_threads[0].register_instance_registers[8][1]: no routing
Net cores[0].core_instance_threads[0].register_instance_registers[8][0]: no routing
Net cores[0].core_instance_threads[0].register_instance_registers[10][7]: no routing
Net cores[0].core_instance_threads[0].register_instance_registers[10][6]: no routing
Net cores[0].core_instance_threads[0].register_instance_registers[10][5]: no routing
Net cores[0].core_instance_threads[0].register_instance_registers[10][4]: no routing
Net cores[0].core_instance_threads[0].register_instance_registers[10][2]: no routing
Net cores[0].core_instance_threads[0].register_instance_registers[10][1]: no routing
Net cores[0].core_instance_threads[0].register_instance_registers[10][0]: no routing
Net cores[1].core_instance_threads[0].register_instance_registers[12][5]: no routing
Net cores[1].core_instance_threads[0].register_instance_registers[12][4]: no routing
Net cores[1].core_instance_threads[0].register_instance_registers[12][2]: no routing
Net cores[1].core_instance_threads[0].register_instance_registers[12][1]: no routing
Net cores[1].core_instance_threads[0].register_instance_registers[12][0]: no routing
Net cores[1].core_instance_threads[0].register_instance_registers[2][5]: no routing
Net cores[1].core_instance_threads[0].register_instance_registers[2][4]: no routing
Net cores[1].core_instance_threads[0].register_instance_registers[2][1]: no routing
Net cores[1].core_instance_threads[0].register_instance_registers[2][0]: no routing
Net cores[1].core_instance_threads[0].register_instance_registers[1][6]: no routing
Net cores[1].core_instance_threads[0].register_instance_registers[1][5]: no routing
Net cores[1].core_instance_threads[0].register_instance_registers[1][3]: no routing
Net cores[1].core_instance_threads[0].register_instance_registers[1][1]: no routing
Net cores[1].core_instance_threads[0].register_instance_registers[1][0]: no routing
Net cores[1].core_instance_threads[0].register_instance_registers[11][7]: no routing
Net cores[1].core_instance_threads[0].register_instance_registers[11][6]: no routing
Net cores[1].core_instance_threads[0].register_instance_registers[11][5]: no routing
Net cores[1].core_instance_threads[0].register_instance_registers[11][4]: no routing
Net cores[1].core_instance_threads[0].register_instance_registers[11][3]: no routing
Net cores[1].core_instance_threads[0].register_instance_registers[11][2]: no routing
Net cores[1].core_instance_threads[0].register_instance_registers[11][0]: no routing
Net cores[1].core_instance_threads[0].register_instance_registers[4][7]: no routing

Begin Summary
    1000 Problem(s) (IMPVFC-98): Net has no global routing and no special routing.
    1000 total info(s) created.
End Summary
