============================================================
  Generated by:           Genus(TM) Synthesis Solution 21.14-s082_1
  Generated on:           Jun 21 2026  12:19:55 pm
  Module:                 gpu
  Operating conditions:   slow (balanced_tree)
  Wireload mode:          enclosed
  Area mode:              timing library
============================================================


Path 1: MET (5974 ps) Setup Check with Pin data_memory_controller_consumer_read_data_reg[7][7]/CK->D
          Group: clk
     Startpoint: (R) data_mem_read_ready[2]
          Clock: (R) clk
       Endpoint: (F) data_memory_controller_consumer_read_data_reg[7][7]/D
          Clock: (R) clk

                     Capture       Launch     
        Clock Edge:+   10000            0     
        Drv Adjust:+       0            0     
       Src Latency:+       0            0     
       Net Latency:+       0 (I)        0 (I) 
           Arrival:=   10000            0     
                                              
             Setup:-      76                  
     Required Time:=    9924                  
      Launch Clock:-       0                  
       Input Delay:-    3000                  
         Data Path:-     950                  
             Slack:=    5974                  

Exceptions/Constraints:
  input_delay             3000            gpu_syn.sdc_line_21_21_1 

#------------------------------------------------------------------------------------------------------------------------------
#                     Timing Point                      Flags   Arc   Edge   Cell     Fanout Load Trans Delay Arrival Instance 
#                                                                                            (fF)  (ps)  (ps)   (ps)  Location 
#------------------------------------------------------------------------------------------------------------------------------
  data_mem_read_ready[2]                                -       -     R     (arrival)      1 11.1     0     0    3000    (-,-) 
  data_memory_controller_g130785/Y                      -       A->Y  F     INVX16         2  9.3    19    12    3012    (-,-) 
  data_memory_controller_g130411/Y                      -       C->Y  R     NOR3X8         2 14.2   140    74    3086    (-,-) 
  data_memory_controller_g130372/Y                      -       A->Y  F     INVX16         6 26.8    59    70    3156    (-,-) 
  data_memory_controller_g130213/Y                      -       B->Y  R     NOR2X8         4 15.9    99    64    3220    (-,-) 
  data_memory_controller_g131298/Y                      -       AN->Y R     NOR2BX4        2 12.6   127   196    3417    (-,-) 
  data_memory_controller_g130002/Y                      -       B->Y  F     NOR2X8         5  8.1    48    63    3480    (-,-) 
  data_memory_controller_g131287/Y                      -       AN->Y F     NOR3BX4        1  0.6    42    94    3574    (-,-) 
  data_memory_controller_g3/Y                           -       A->Y  R     INVXL          8 12.0   320   174    3748    (-,-) 
  data_memory_controller_g129581/Y                      -       A1->Y F     OAI221X2       1  0.6   120   202    3950    (-,-) 
  data_memory_controller_consumer_read_data_reg[7][7]/D <<<     -     F     DFFQX2         1    -     -     0    3950    (-,-) 
#------------------------------------------------------------------------------------------------------------------------------

